Done. Made 61 targets from 55 files in 314ms
ninja: Entering directory `/home/rayawa/sharefolder/out/wifiiot'
[1/224] STAMP obj/applications/sample/wifi-iot/app/startup/startup.stamp
[2/224] cross compiler obj/applications/sample/wifi-iot/app/workspaces/smart_shed_2.0/combined/smart_shed_wifi.o
[3/224] cross compiler obj/applications/sample/wifi-iot/app/workspaces/smart_shed_2.0/combined/smart_shed_shared.o
[4/224] cross compiler obj/applications/sample/wifi-iot/app/workspaces/smart_shed_2.0/combined/smart_shed_oled.o
[5/224] cross compiler obj/applications/sample/wifi-iot/app/workspaces/smart_shed_2.0/data_collector/soil_moisture/soil_moisture_task.o
[6/224] cross compiler obj/applications/sample/wifi-iot/app/workspaces/smart_shed_2.0/combined/main.o
[7/224] cross compiler obj/applications/sample/wifi-iot/app/workspaces/smart_shed_2.0/data_collector/light_intensity/light_intensity_task.o
[8/224] cross compiler obj/applications/sample/wifi-iot/app/workspaces/smart_shed_2.0/data_collector/temp_and_hum/temp_and_hum_task.o
[9/224] cross compiler obj/applications/sample/wifi-iot/app/workspaces/smart_shed_2.0/combined/smart_shed_mqtt.o
[10/224] cross compiler obj/applications/sample/wifi-iot/app/workspaces/smart_shed_2.0/actuator/fan/fan_task.o
[11/224] cross compiler obj/applications/sample/wifi-iot/app/workspaces/smart_shed_2.0/actuator/water_pump/water_pump_task.o
[12/224] cross compiler obj/base/hiviewdfx/frameworks/hilog_lite/mini/hiview_log_limit.o
[13/224] cross compiler obj/applications/sample/wifi-iot/app/workspaces/smart_shed_2.0/actuator/full_spectrum_led/led_task.o
[14/224] cross compiler obj/base/hiviewdfx/frameworks/hilog_lite/mini/hiview_log.o
[15/224] cross compiler obj/base/hiviewdfx/services/hiview_lite/hiview_service.o
[16/224] AR libs/libhiview_lite.a
[17/224] cross compiler obj/applications/sample/wifi-iot/app/workspaces/smart_shed_2.0/data_collector/soil_moisture/oled_ssd1306.o
[18/224] AR libs/libsmart_shed_combined.a
[19/224] STAMP obj/applications/sample/wifi-iot/app/app.stamp
[20/224] cross compiler obj/base/hiviewdfx/utils/lite/hiview_config.o
[21/224] cross compiler obj/base/hiviewdfx/utils/lite/hiview_util.o
[22/224] cross compiler obj/base/iot_hardware/frameworks/wifiiot_lite/src/wifiiot_gpio.o
[23/224] cross compiler obj/base/iot_hardware/frameworks/wifiiot_lite/src/wifiiot_flash.o
[24/224] cross compiler obj/base/hiviewdfx/frameworks/hilog_lite/mini/hiview_output_log.o
[25/224] cross compiler obj/base/hiviewdfx/utils/lite/hiview_cache.o
[26/224] AR libs/libhilog_lite.a
[27/224] STAMP obj/base/hiviewdfx/frameworks/hilog_lite/mini/hilog_lite_ndk.stamp
[28/224] cross compiler obj/base/iot_hardware/frameworks/wifiiot_lite/src/wifiiot_watchdog.o
[29/224] cross compiler obj/base/iot_hardware/frameworks/wifiiot_lite/src/wifiiot_adc.o
[30/224] cross compiler obj/base/iot_hardware/frameworks/wifiiot_lite/src/wifiiot_kal.o
[31/224] cross compiler obj/base/iot_hardware/frameworks/wifiiot_lite/src/reset.o
[32/224] cross compiler obj/base/hiviewdfx/utils/lite/hiview_file.o
[33/224] AR libs/libcommon_lite.a
[34/224] cross compiler obj/base/iot_hardware/frameworks/wifiiot_lite/src/wifiiot_i2s.o
[35/224] cross compiler obj/base/iot_hardware/frameworks/wifiiot_lite/src/wifiiot_partition.o
[36/224] cross compiler obj/base/iot_hardware/frameworks/wifiiot_lite/src/wifiiot_at.o
[37/224] cross compiler obj/base/iot_hardware/frameworks/wifiiot_lite/src/lowpower.o
[38/224] cross compiler obj/base/iot_hardware/frameworks/wifiiot_lite/src/wifiiot_pwm.o
[39/224] cross compiler obj/base/iot_hardware/frameworks/wifiiot_lite/src/wifiiot_i2c.o
[40/224] cross compiler obj/base/iot_hardware/frameworks/wifiiot_lite/src/wifiiot_uart.o
[41/224] cross compiler obj/base/security/frameworks/hichainsdk_lite/source/auth_info/add_auth_info_client.o
[42/224] cross compiler obj/base/iot_hardware/frameworks/wifiiot_lite/src/wifiiot_spi.o
[43/224] cross compiler obj/base/iot_hardware/frameworks/wifiiot_lite/src/wifiiot_sdio.o
[44/224] AR libs/libiothardware.a
[45/224] STAMP obj/base/iot_hardware/frameworks/wifiiot_lite/src/iothardware_ndk.stamp
[46/224] cross compiler obj/base/security/frameworks/hichainsdk_lite/source/auth_info/auth_info.o
[47/224] cross compiler obj/base/security/frameworks/hichainsdk_lite/source/auth_info/add_auth_info.o
[48/224] cross compiler obj/base/security/frameworks/hichainsdk_lite/source/auth_info/remove_auth_info_client.o
[49/224] cross compiler obj/base/security/frameworks/hichainsdk_lite/source/auth_info/exchange_auth_info_client.o
[50/224] cross compiler obj/base/security/frameworks/hichainsdk_lite/source/auth_info/exchange_auth_info.o
[51/224] cross compiler obj/base/security/frameworks/hichainsdk_lite/source/key_agreement/key_agreement.o
[52/224] cross compiler obj/base/security/frameworks/hichainsdk_lite/source/json/commonutil.o
[53/224] cross compiler obj/base/security/frameworks/hichainsdk_lite/source/key_agreement/key_agreement_server.o
[54/224] cross compiler obj/base/security/frameworks/hichainsdk_lite/source/key_agreement/key_agreement_client.o
[55/224] cross compiler obj/base/security/frameworks/hichainsdk_lite/source/hichain.o
[56/224] cross compiler obj/base/security/frameworks/hichainsdk_lite/source/json/jsonutil.o
[57/224] cross compiler obj/base/security/frameworks/hichainsdk_lite/source/key_agreement/sec_clone_server.o
[58/224] cross compiler obj/base/security/frameworks/hichainsdk_lite/source/key_agreement/sts_client.o
[59/224] cross compiler obj/base/security/frameworks/hichainsdk_lite/source/key_agreement/pake_server.o
[60/224] cross compiler obj/base/security/frameworks/hichainsdk_lite/source/log/log.o
[61/224] cross compiler obj/base/security/frameworks/hichainsdk_lite/source/key_agreement/pake_client.o
[62/224] cross compiler obj/base/security/frameworks/hichainsdk_lite/source/huks_adapter/huks_adapter.o
[63/224] cross compiler obj/base/security/frameworks/hichainsdk_lite/source/struct/add_auth_info_data.o
[64/224] cross compiler obj/base/security/frameworks/hichainsdk_lite/source/struct/add_auth_info_request.o
[65/224] cross compiler obj/base/security/frameworks/hichainsdk_lite/source/schedule/build_object.o
[66/224] cross compiler obj/base/security/frameworks/hichainsdk_lite/source/struct/add_auth_info_response.o
[67/224] cross compiler obj/base/security/frameworks/hichainsdk_lite/source/key_agreement/sts_server.o
[68/224] cross compiler obj/base/security/frameworks/hichainsdk_lite/source/struct/auth_ack_request.o
[69/224] cross compiler obj/base/security/frameworks/hichainsdk_lite/source/schedule/distribution.o
[70/224] cross compiler obj/base/security/frameworks/hichainsdk_lite/source/struct/auth_ack_response.o
[71/224] cross compiler obj/base/security/frameworks/hichainsdk_lite/source/struct/auth_start_response.o
[72/224] cross compiler obj/base/security/frameworks/hichainsdk_lite/source/struct/exchange_request.o
[73/224] cross compiler obj/base/security/frameworks/hichainsdk_lite/source/struct/exchange_response.o
[74/224] cross compiler obj/base/security/frameworks/hichainsdk_lite/source/struct/exchange_auth_data.o
[75/224] cross compiler obj/base/security/frameworks/hichainsdk_lite/source/struct/auth_start_request.o
[76/224] cross compiler obj/base/security/frameworks/hichainsdk_lite/source/struct/inform_message.o
[77/224] cross compiler obj/base/security/frameworks/hichainsdk_lite/source/struct/import_add_auth_data.o
[78/224] cross compiler obj/base/security/frameworks/hichainsdk_lite/source/struct/key_agreement_version.o
[79/224] cross compiler obj/base/security/frameworks/hichainsdk_lite/source/struct/pake_client_confirm.o
[80/224] cross compiler obj/base/security/frameworks/hichainsdk_lite/source/struct/rmv_auth_info_response.o
[81/224] cross compiler obj/base/security/frameworks/hichainsdk_lite/source/struct/pake_request.o
[82/224] cross compiler obj/base/security/frameworks/hichainsdk_lite/source/struct/rmv_auth_info_data.o
[83/224] STAMP obj/base/startup/frameworks/syspara_lite/token/token_notes.stamp
[84/224] cross compiler obj/base/security/frameworks/hichainsdk_lite/source/struct/rmv_auth_info_request.o
[85/224] cross compiler obj/base/security/frameworks/hichainsdk_lite/source/struct/pake_server_confirm.o
[86/224] cross compiler obj/base/security/frameworks/hichainsdk_lite/source/struct/pake_response.o
[87/224] STAMP obj/build/lite/ndk.stamp
[88/224] cross compiler obj/base/security/frameworks/hichainsdk_lite/source/struct/sec_clone_data.o
[89/224] cross compiler obj/base/security/frameworks/hichainsdk_lite/source/struct/parsedata.o
[90/224] AR libs/libhichainsdk.a
[91/224] STAMP obj/base/security/frameworks/hichainsdk_lite/hichainsdk.stamp
[92/224] cross compiler obj/base/startup/services/bootstrap_lite/source/bootstrap_service.o
[93/224] cross compiler obj/base/startup/frameworks/syspara_lite/parameter/src/param_impl_hal/param_impl_hal.o
[94/224] cross compiler obj/base/startup/frameworks/syspara_lite/token/src/token_impl_hal/token.o
[95/224] cross compiler obj/base/startup/frameworks/syspara_lite/parameter/src/parameter_common.o
[96/224] cross compiler obj/base/startup/services/bootstrap_lite/source/system_init.o
[97/224] AR libs/libbootstrap.a
[98/224] cross compiler obj/foundation/communication/services/softbus_lite/authmanager/source/bus_manager.o
[99/224] cross compiler obj/foundation/communication/services/softbus_lite/discovery/coap/source/nstackx_common.o
[100/224] cross compiler obj/foundation/communication/services/softbus_lite/authmanager/source/auth_conn.o
[101/224] cross compiler obj/foundation/communication/services/softbus_lite/authmanager/source/msg_get_deviceid.o
[102/224] cross compiler obj/foundation/communication/services/softbus_lite/authmanager/source/auth_interface.o
[103/224] cross compiler obj/foundation/communication/services/softbus_lite/discovery/coap/source/coap_discover.o
[104/224] cross compiler obj/foundation/communication/services/softbus_lite/authmanager/source/wifi_auth_manager.o
[105/224] cross compiler obj/foundation/communication/services/softbus_lite/discovery/coap/source/nstackx_device.o
[106/224] cross compiler obj/foundation/communication/services/softbus_lite/discovery/coap/source/json_payload.o
[107/224] cross compiler obj/foundation/communication/services/softbus_lite/discovery/coap/source/coap_socket.o
[108/224] cross compiler obj/foundation/communication/services/softbus_lite/os_adapter/source/L0/os_adapter.o
[109/224] cross compiler obj/foundation/communication/services/softbus_lite/trans_service/source/libdistbus/tcp_session.o
[110/224] cross compiler obj/foundation/communication/services/softbus_lite/discovery/coap/source/coap_adapter.o
[111/224] cross compiler obj/foundation/communication/services/softbus_lite/discovery/discovery_service/source/coap_service.o
[112/224] cross compiler obj/foundation/communication/services/softbus_lite/discovery/discovery_service/source/discovery_service.o
[113/224] cross compiler obj/foundation/communication/services/softbus_lite/discovery/discovery_service/source/common_info_manager.o
[114/224] cross compiler obj/foundation/communication/services/softbus_lite/trans_service/source/libdistbus/trans_lock.o
[115/224] cross compiler obj/foundation/communication/services/softbus_lite/trans_service/source/utils/message.o
[116/224] cross compiler obj/foundation/communication/services/softbus_lite/trans_service/source/libdistbus/auth_conn_manager.o
[117/224] cross compiler obj/foundation/communication/services/softbus_lite/trans_service/source/utils/aes_gcm.o
[118/224] cross compiler obj/foundation/distributedschedule/services/samgr_lite/samgr/registry/service_registry.o
[119/224] cross compiler obj/foundation/communication/services/softbus_lite/trans_service/source/utils/tcp_socket.o
[120/224] cross compiler obj/foundation/distributedschedule/services/samgr_lite/communication/broadcast/source/pub_sub_feature.o
[121/224] cross compiler obj/foundation/distributedschedule/services/samgr_lite/communication/broadcast/source/pub_sub_implement.o
[122/224] cross compiler obj/foundation/distributedschedule/services/samgr_lite/communication/broadcast/source/broadcast_service.o
[123/224] AR libs/libbroadcast.a
[124/224] cross compiler obj/foundation/distributedschedule/services/samgr_lite/samgr/adapter/cmsis/memory_adapter.o
[125/224] cross compiler obj/foundation/distributedschedule/services/samgr_lite/samgr/adapter/cmsis/queue_adapter.o
[126/224] cross compiler obj/foundation/distributedschedule/services/samgr_lite/samgr/adapter/cmsis/thread_adapter.o
[127/224] cross compiler obj/foundation/distributedschedule/services/samgr_lite/samgr/adapter/cmsis/time_adapter.o
[128/224] cross compiler obj/foundation/communication/services/softbus_lite/trans_service/source/libdistbus/tcp_session_manager.o
[129/224] AR libs/libsamgr_adapter.a
[130/224] cross compiler obj/foundation/distributedschedule/services/samgr_lite/samgr/source/iunknown.o
[131/224] cross compiler obj/foundation/distributedschedule/services/samgr_lite/samgr/source/feature.o
[132/224] cross compiler obj/foundation/distributedschedule/services/samgr_lite/samgr/source/common.o
[133/224] STAMP obj/test/xts/acts/acts_compoment.stamp
[134/224] STAMP obj/test/xts/tools/tools.stamp
[135/224] STAMP obj/third_party/cJSON/cjson_shared.stamp
[136/224] AR libs/libauthmanager.a
[137/224] AR libs/libdiscovery.a
[138/224] STAMP obj/foundation/communication/services/softbus_lite/discovery_ndk.stamp
[139/224] AR libs/libtrans_service.a
[140/224] STAMP obj/foundation/communication/services/softbus_lite/softbus.stamp
[141/224] STAMP obj/foundation/communication/services/softbus_lite/trans_service_ndk.stamp
[142/224] STAMP obj/foundation/communication/services/softbus_lite/softbus_lite_ndk.stamp
[143/224] cross compiler obj/foundation/distributedschedule/services/samgr_lite/samgr/source/service.o
[144/224] cross compiler obj/foundation/distributedschedule/services/samgr_lite/samgr/source/samgr_lite.o
[145/224] STAMP obj/third_party/pahomqtt/pahomqtt_shared.stamp
[146/224] ACTION //test/xdevice:xdevice(//build/lite/toolchain:linux_x86_64_riscv32_gcc)
running install
/usr/lib/python3/dist-packages/setuptools/_distutils/cmd.py:66: SetuptoolsDeprecationWarning: setup.py install is deprecated.
!!

        ********************************************************************************
        Please avoid running ``setup.py`` directly.
        Instead, use pypa/build, pypa/installer or other
        standards-based tools.

        See https://blog.ganssle.io/articles/2021/10/setup-py-deprecated.html for details.
        ********************************************************************************

!!
  self.initialize_options()
/usr/lib/python3/dist-packages/setuptools/_distutils/cmd.py:66: EasyInstallDeprecationWarning: easy_install command is deprecated.
!!

        ********************************************************************************
        Please avoid running ``setup.py`` and ``easy_install``.
        Instead, use pypa/build, pypa/installer or other
        standards-based tools.

        See https://github.com/pypa/setuptools/issues/917 for details.
        ********************************************************************************

!!
  self.initialize_options()
Traceback (most recent call last):
  File "setup.py", line 56, in <module>
    main()
  File "setup.py", line 23, in main
    setup(name='xdevice',
  File "/usr/lib/python3/dist-packages/setuptools/__init__.py", line 107, in setup
    return distutils.core.setup(**attrs)
  File "/usr/lib/python3/dist-packages/setuptools/_distutils/core.py", line 185, in setup
    return run_commands(dist)
  File "/usr/lib/python3/dist-packages/setuptools/_distutils/core.py", line 201, in run_commands
    dist.run_commands()
  File "/usr/lib/python3/dist-packages/setuptools/_distutils/dist.py", line 969, in run_commands
    self.run_command(cmd)
  File "/usr/lib/python3/dist-packages/setuptools/dist.py", line 1233, in run_command
    super().run_command(command)
  File "/usr/lib/python3/dist-packages/setuptools/_distutils/dist.py", line 988, in run_command
    cmd_obj.run()
  File "/usr/lib/python3/dist-packages/setuptools/command/install.py", line 84, in run
    self.do_egg_install()
  File "/usr/lib/python3/dist-packages/setuptools/command/install.py", line 126, in do_egg_install
    cmd.ensure_finalized()  # finalize before bdist_egg munges install cmd
  File "/usr/lib/python3/dist-packages/setuptools/_distutils/cmd.py", line 111, in ensure_finalized
    self.finalize_options()
  File "/usr/lib/python3/dist-packages/setuptools/command/easy_install.py", line 322, in finalize_options
    self.set_undefined_options('install_lib', ('install_dir', 'install_dir'))
  File "/usr/lib/python3/dist-packages/setuptools/_distutils/cmd.py", line 293, in set_undefined_options
    src_cmd_obj.ensure_finalized()
  File "/usr/lib/python3/dist-packages/setuptools/_distutils/cmd.py", line 111, in ensure_finalized
    self.finalize_options()
  File "/usr/lib/python3/dist-packages/setuptools/command/install_lib.py", line 17, in finalize_options
    self.set_undefined_options('install',('install_layout','install_layout'))
  File "/usr/lib/python3/dist-packages/setuptools/_distutils/cmd.py", line 296, in set_undefined_options
    setattr(self, dst_option, getattr(src_cmd_obj, src_option))
  File "/usr/lib/python3/dist-packages/setuptools/_distutils/cmd.py", line 107, in __getattr__
    raise AttributeError(attr)
AttributeError: install_layout
returncode: 1 cmd: ['python', 'setup.py', 'install', '--user'] output: None
[147/224] STAMP obj/test/xdevice/xdevice.stamp
[148/224] ACTION //test/xts/acts:acts(//build/lite/toolchain:linux_x86_64_riscv32_gcc)
[149/224] STAMP obj/test/xts/acts/acts.stamp
[150/224] cross compiler obj/foundation/distributedschedule/services/samgr_lite/samgr/source/task_manager.o
[151/224] cross compiler obj/foundation/distributedschedule/services/samgr_lite/samgr/source/message.o
[152/224] cross compiler obj/kernel/liteos_m/components/kal/src/kal.o
[153/224] AR libs/libkal.a
[154/224] AR libs/libsamgr_source.a
[155/224] AR libs/libsamgr.a
[156/224] STAMP obj/foundation/distributedschedule/services/samgr_lite/samgr.stamp
[157/224] STAMP obj/foundation/distributedschedule/services/samgr_lite/samgr_lite_ndk.stamp
[158/224] cross compiler obj/third_party/pahomqtt/MQTTPacket/src/MQTTConnectServer.o
[159/224] cross compiler obj/third_party/pahomqtt/MQTTPacket/src/MQTTConnectClient.o
[160/224] cross compiler obj/third_party/pahomqtt/MQTTPacket/src/MQTTDeserializePublish.o
[161/224] cross compiler obj/third_party/pahomqtt/MQTTPacket/src/MQTTFormat.o
[162/224] cross compiler obj/third_party/pahomqtt/MQTTPacket/samples/transport.o
[163/224] cross compiler obj/third_party/cJSON/cJSON_Utils.o
[164/224] cross compiler obj/third_party/pahomqtt/MQTTPacket/src/MQTTSubscribeClient.o
[165/224] cross compiler obj/third_party/pahomqtt/MQTTPacket/src/MQTTSubscribeServer.o
[166/224] cross compiler obj/third_party/pahomqtt/MQTTPacket/src/MQTTSerializePublish.o
[167/224] cross compiler obj/kernel/liteos_m/components/cmsis/cmsis_liteos.o
[168/224] AR libs/libcmsis.a
[169/224] cross compiler obj/third_party/pahomqtt/MQTTPacket/src/MQTTUnsubscribeClient.o
[170/224] cross compiler obj/third_party/pahomqtt/MQTTPacket/src/MQTTPacket.o
[171/224] cross compiler obj/third_party/pahomqtt/MQTTPacket/src/MQTTUnsubscribeServer.o
[172/224] AR libs/libpahomqtt_static.a
[173/224] STAMP obj/third_party/pahomqtt/pahomqtt_ndk.stamp
[174/224] cross compiler obj/utils/native/lite/kv_store/src/kvstore_impl_hal/kv_store.o
[175/224] cross compiler obj/utils/native/lite/kv_store/src/kvstore_common/kvstore_common.o
[176/224] AR libs/libutils_kv_store.a
[177/224] STAMP obj/utils/native/lite/kv_store/kv_store.stamp
[178/224] cross compiler obj/utils/native/lite/file/src/file_impl_hal/file.o
[179/224] cross compiler obj/vendor/hisi/hi3861/hi3861_adapter/hals/communication/wifi_lite/wifiservice/source/wifi_device_util.o
[180/224] cross compiler obj/vendor/hisi/hi3861/hi3861_adapter/hals/iot_hardware/wifiiot_lite/hal_wifiiot_watchdog.o
[181/224] cross compiler obj/vendor/hisi/hi3861/hi3861_adapter/hals/iot_hardware/wifiiot_lite/hal_wifiiot_at.o
[182/224] cross compiler obj/vendor/hisi/hi3861/hi3861_adapter/hals/iot_hardware/wifiiot_lite/hal_wifiiot_partition.o
[183/224] cross compiler obj/vendor/hisi/hi3861/hi3861_adapter/hals/communication/wifi_lite/wifiservice/source/wifi_hotspot.o
[184/224] cross compiler obj/vendor/hisi/hi3861/hi3861_adapter/hals/iot_hardware/wifiiot_lite/hal_wifiiot_uart.o
[185/224] cross compiler obj/vendor/hisi/hi3861/hi3861_adapter/hals/iot_hardware/wifiiot_lite/hal_wifiiot_kal.o
[186/224] cross compiler obj/vendor/hisi/hi3861/hi3861_adapter/hals/iot_hardware/wifiiot_lite/hal_wifiiot_pwm.o
[187/224] cross compiler obj/vendor/hisi/hi3861/hi3861_adapter/hals/iot_hardware/wifiiot_lite/hal_wifiiot_spi.o
[188/224] cross compiler obj/vendor/hisi/hi3861/hi3861_adapter/hals/iot_hardware/wifiiot_lite/hal_wifiiot_i2s.o
[189/224] cross compiler obj/vendor/hisi/hi3861/hi3861_adapter/hals/iot_hardware/wifiiot_lite/hal_wifiiot_sdio.o
[190/224] cross compiler obj/vendor/hisi/hi3861/hi3861_adapter/hals/iot_hardware/wifiiot_lite/hal_wifiiot_adc.o
[191/224] cross compiler obj/vendor/hisi/hi3861/hi3861_adapter/hals/communication/wifi_lite/wifiservice/source/wifi_device.o
[192/224] AR libs/libwifiservice.a
[193/224] STAMP obj/foundation/communication/frameworks/wifi_lite/wifi.stamp
[194/224] STAMP obj/vendor/hisi/hi3861/hi3861_adapter/hals/communication/wifi_lite/wifiservice/wifiservice_ndk.stamp
[195/224] cross compiler obj/vendor/hisi/hi3861/hi3861_adapter/hals/iot_hardware/wifiiot_lite/hal_wifiiot_i2c.o
[196/224] cross compiler obj/third_party/cJSON/cJSON.o
[197/224] cross compiler obj/vendor/hisi/hi3861/hi3861_adapter/hals/iot_hardware/wifiiot_lite/hal_wifiiot_flash.o
[198/224] AR libs/libcjson_static.a
[199/224] STAMP obj/third_party/cJSON/cjson_ndk.stamp
[200/224] STAMP obj/vendor/hisi/hi3861/hi3861/sdk.stamp
[201/224] STAMP obj/vendor/hisi/hi3861/hi3861/wifiiot_sdk.stamp
[202/224] cross compiler obj/vendor/hisi/hi3861/hi3861_adapter/hals/iot_hardware/wifiiot_lite/hal_lowpower.o
[203/224] cross compiler obj/vendor/hisi/hi3861/hi3861_adapter/hals/iot_hardware/wifiiot_lite/hal_reset.o
[204/224] cross compiler obj/vendor/hisi/hi3861/hi3861_adapter/hals/iot_hardware/wifiiot_lite/hal_wifiiot_gpio.o
[205/224] AR libs/libhal_iothardware.a
[206/224] STAMP obj/base/iot_hardware/frameworks/wifiiot_lite/iothardware.stamp
[207/224] cross compiler obj/vendor/hisi/hi3861/hi3861_adapter/hals/utils/file/src/hal_file.o
[208/224] AR libs/libhal_file_static.a
[209/224] AR libs/libnative_file.a
[210/224] STAMP obj/utils/native/lite/file/file.stamp
[211/224] cross compiler obj/vendor/huawei/wifi-iot/hals/utils/token/hal_token.o
[212/224] AR libs/libhal_token_static.a
[213/224] AR libs/libtoken_static.a
[214/224] STAMP obj/base/startup/frameworks/syspara_lite/token/token.stamp
[215/224] cross compiler obj/vendor/huawei/wifi-iot/hals/utils/sys_param/hal_sys_param.o
[216/224] AR libs/libhal_sysparam.a
[217/224] AR libs/libsysparam.a
[218/224] STAMP obj/base/startup/frameworks/syspara_lite/parameter/parameter.stamp
[219/224] STAMP obj/base/startup/frameworks/syspara_lite/parameter/parameter_notes.stamp
[220/224] STAMP obj/build/lite/ohos.stamp
[221/224] ACTION //build/lite:gen_rootfs(//build/lite/toolchain:linux_x86_64_riscv32_gcc)
[222/224] STAMP obj/build/lite/gen_rootfs.stamp
[223/224] ACTION //vendor/hisi/hi3861/hi3861:run_wifiiot_scons(//build/lite/toolchain:linux_x86_64_riscv32_gcc)
execute ota_builder with python...
riscv32-unknown-elf-gcc -Iplatform/os/Huawei_LiteOS/kernel/include -Iconfig -DCONFIG_TEE_HUKS_SUPPORT -DCONFIG_CHIP_PKT_32K -DHI_BOARD_ASIC -DHI_ON_FLASH -E build/link/system_config.ld.S -o build/build_tmp/scripts/system_config.ld -P
nvimg_builder(["build/build_tmp/scripts/system_config.ld"], ["build/link/system_config.ld.S"])
product_name_list: ['sta']
xml h file: /home/rayawa/sharefolder/vendor/hisi/hi3861/hi3861/tools/nvtool/h_file/nv
/home/rayawa/sharefolder/vendor/hisi/hi3861/hi3861/tools/nvtool/out_nv_bin/sta
app_subver_list: ['demo']
current subver_name:demo
root_dir: /home/rayawa/sharefolder/vendor/hisi/hi3861/hi3861/tools/nvtool
mdm_xml: /home/rayawa/sharefolder/vendor/hisi/hi3861/hi3861/tools/nvtool/xml_file/mss_nvi_db.xml
HNV NAME:mss_nvi_db.xml
nv_tool: /home/rayawa/sharefolder/vendor/hisi/hi3861/hi3861/tools/nvtool/tools/nv/cdbm
app_subver_temp_dir:/home/rayawa/sharefolder/vendor/hisi/hi3861/hi3861/tools/nvtool/out_nv_bin/sta/nv/Hi3861_wifiiot_app/outside_demo
make app_subver_temp_dir
mdmxml:/home/rayawa/sharefolder/vendor/hisi/hi3861/hi3861/tools/nvtool/xml_file/mss_nvi_db.xml
src_xml_list: ['/home/rayawa/sharefolder/vendor/hisi/hi3861/hi3861/tools/nvtool/xml_file/mss_nvi_db.xml']
combin_xml:/home/rayawa/sharefolder/vendor/hisi/hi3861/hi3861/tools/nvtool/out_nv_bin/sta/nv/Hi3861_wifiiot_app/mss_nvi_db.xml
root_list [<Element 'HISTUDIO' at 0xfe5b2b1beea0>]
hi_nv_modify_by_cfg
cfg_file: nv

cmd_line= ('/home/rayawa/sharefolder/vendor/hisi/hi3861/hi3861/tools/nvtool/tools/nv/cdbm', '/home/rayawa/sharefolder/vendor/hisi/hi3861/hi3861/tools/nvtool/out_nv_bin/sta/nv/Hi3861_wifiiot_app/outside_demo/nv.xml', '/home/rayawa/sharefolder/vendor/hisi/hi3861/hi3861/tools/nvtool/h_file/nv', '/home/rayawa/sharefolder/vendor/hisi/hi3861/hi3861/tools/nvtool/out_nv_bin/sta/nv/Hi3861_wifiiot_app/outside_demo/nv')
/home/rayawa/sharefolder/vendor/hisi/hi3861/hi3861/tools/nvtool/out_nv_bin/sta/nv/Hi3861_wifiiot_app/outside_demo/nv.xml
/home/rayawa/sharefolder/vendor/hisi/hi3861/hi3861/tools/nvtool/h_file/nv
/home/rayawa/sharefolder/vendor/hisi/hi3861/hi3861/tools/nvtool/out_nv_bin/sta/nv/Hi3861_wifiiot_app/outside_demo/nv
===========Init HDB Start===========
*********strDataTypeDefPath:/home/rayawa/sharefolder/vendor/hisi/hi3861/hi3861/tools/nvtool/h_file/nv/../nv/nv_modem_struct_def.txt
*********strDataTypeDefPath:/home/rayawa/sharefolder/vendor/hisi/hi3861/hi3861/tools/nvtool/h_file/nv/../nv/nv_modem_struct_def.txt
*********strDataTypeDefPath:/home/rayawa/sharefolder/vendor/hisi/hi3861/hi3861/tools/nvtool/h_file/nv/../nv/nv_factory_struct_def.txt
===========Init HDB finish===========
===========Write NV Buffer To File===========
===========Write NV Buffer Finish===========
RETURN VALUE:0
dst_hnv= /home/rayawa/sharefolder/vendor/hisi/hi3861/hi3861/tools/nvtool/out_nv_bin/sta/nv/hnv/Hi3861_wifiiot_app.hnv
Factory NV total num:10
NV_FILE_STRU :28
Factory NV total size:824
Normal NV total num:13
NV_FILE_STRU :28
Normal NV total size:766
build hnv OK:/home/rayawa/sharefolder/vendor/hisi/hi3861/hi3861/tools/nvtool/out_nv_bin/sta/nv/hnv/Hi3861_wifiiot_app.hnv
ENDING
riscv32-unknown-elf-gcc -Iplatform/os/Huawei_LiteOS/kernel/include -Iconfig -DCONFIG_TEE_HUKS_SUPPORT -DCONFIG_CHIP_PKT_32K -DHI_BOARD_ASIC -DHI_ON_FLASH -DFLASH_FIRM_START=4248512 -E build/link/link.ld.S -o build/build_tmp/scripts/link.lds -P
riscv32-unknown-elf-ld -nostartfiles -nostdlib -static --gc-sections -L/home/rayawa/sharefolder/vendor/hisi/hi3861/hi3861/build/scripts/../../../../../huawei/hms/hilink/ohos/l0/hi3861/lib/wifi -L/home/rayawa/tools/gcc_riscv32/bin/../lib/gcc/riscv32-unknown-elf/7.3.0 -Lbuild/build_tmp/libs/app/wifiiot_app -Lbuild/build_tmp/libs/components/at -Lbuild/build_tmp/libs/platform/drivers -Lbuild/build_tmp/libs/platform/system -Lbuild/build_tmp/scripts -Lbuild/libs -Lbuild/libs/hi3861/release/no_mesh -Lbuild/scripts -Lohos/libs -Tbuild/build_tmp/scripts/link.lds -Map=output/bin/Hi3861_wifiiot_app.map -o output/bin/Hi3861_wifiiot_app.out --start-group --no-whole-archive --whole-archive -lHwKeystoreSDK -ladc -lat -lauthmanager -lbootstrap -lbroadcast -lc_flash -lcfg -lcjson_static -lcmsis -lcommon_lite -lcpup -ldiag -ldiscovery -ldrv -lflash -lgcc -lgpio -lhal_file_static -lhal_iothardware -lhal_sysparam -lhal_token_static -lhichainsdk -lhilog_lite -lhiview_lite -li2c -lio -liothardware -liperf -lkal -llitekernel_flash -lltoswpa -llwip -lm_flash -lmbedtls -lnative_file -lpahomqtt_static -lparttab -lpwm -lres_cfg -lsamgr -lsamgr_adapter -lsamgr_source -lsdio -lsec_flash -lsmart_shed_combined -lspiffs -lsysparam -lsystem -ltoken_static -ltrans_service -ltsensor -luart -lupg -lutils_kv_store -lwifi -lwifi_flash -lwifiiot_app -lwifiservice -lwpa --end-group
riscv32-unknown-elf-objcopy -O binary output/bin/Hi3861_wifiiot_app.out build/build_tmp/cache/Hi3861_wifiiot_app.bin
baseimg_builder(["build/build_tmp/cache/Hi3861_wifiiot_app_base.bin", "build/build_tmp/cache/Hi3861_wifiiot_app_kernel.bin"], ["build/build_tmp/cache/Hi3861_wifiiot_app.bin"])
cleanup(["build/build_tmp/cache/Hi3861_wifiiot_app_base.bin", "build/build_tmp/cache/Hi3861_wifiiot_app_kernel.bin"], ["build/build_tmp/cache/Hi3861_wifiiot_app.bin"])
ota_builder(["build/build_tmp/cache/Hi3861_wifiiot_app_ota_temp.bin"], ["build/build_tmp/cache/Hi3861_wifiiot_app_base.bin", "build/build_tmp/cache/Hi3861_wifiiot_app_kernel.bin"])
********************package kernel&nv upgrade file********************
upg kernel file    in: build/build_tmp/cache/Hi3861_wifiiot_app_kernel.bin
upg normal nv file in: build/build_tmp/nv/Hi3861_wifiiot_app_normal.hnv
upg file          out: build/build_tmp/cache/Hi3861_wifiiot_app_ota_temp.bin
[common_head_offset=0][common_head_size=96]
[common_key_offset=96][common_key_size=288]
[common_head_sign_offset=384][common_head_sign_size=256]
[section_head_offset=640][section_head_size=64]
[upg_file_sign_offset=704][upg_file_sign_size=256]
[padding_offset=702792][padding_size=8]
[upg fill user info]chip:b'Hi3861'
-------------build/build_tmp/cache/Hi3861_wifiiot_app_ota_temp.bin image info print start-------------
[image_id=0x3c78961e][struct_version=0x0]]
[section_offset=0x280][section_len=0xab6d0]
[file_type=0xf0][file_version=0x0][encrypt_flag=0x42]
[file_len=0xab950][key_len=0x120]
[file_attr=0x44]
[hash_alg=0x0][sign_alg=0x3f][sign_param=0x0]
[aes_key[0-1-14-15]=[0x0][0x0][0x0][0x0]]
[aes_iv [0-1-14-15]=[0x0][0x0][0x0][0x0]]
[common key][00]=[0x0]
[common key][01]=[0x0]
[common key][30]=[0x0]
[common key][31]=[0x0]
[common sign][00]=[0xa9]
[common sign][01]=[0xcc]
[common sign][30]=[0x5]
[common sign][31]=[0x9a]
[section sign][00]=[0x55]
[section sign][01]=[0x47]
[section sign][30]=[0x19]
[section sign][31]=[0x19]
[image_id=0x3c78961e][struct_version=0x0]]
[hash_alg=0x0][sign_alg=0x3f][sign_param=0x0]
[section_count=0x2]
[section0_compress=0x0][section0_offset=0x3c0][section0_len=0xaa588]
[section1_compress=0x0][section1_offset=0xaa948][section1_len=0x1000]
-------------build/build_tmp/cache/Hi3861_wifiiot_app_ota_temp.bin image info print end--------------
riscv32-unknown-elf-objdump -d output/bin/Hi3861_wifiiot_app.out > output/bin/Hi3861_wifiiot_app.asm
burn_bin_builder(["output/bin/Hi3861_wifiiot_app_burn.bin", "output/bin/Hi3861_wifiiot_app_allinone.bin"], ["build/build_tmp/cache/Hi3861_wifiiot_app_ota_temp.bin", "output/bin/Hi3861_loader_signed.bin"])
********************package hiburn file********************
hbin flash boot file in : output/bin/Hi3861_boot_signed.bin
hbin factory nv file in : build/build_tmp/nv/Hi3861_wifiiot_app_factory.hnv
hbin normal nv file  in : build/build_tmp/cache/Hi3861_wifiiot_app_ota_temp.bin
hbin upg file        in : build/build_tmp/nv/Hi3861_wifiiot_app_factory.hnv
hbin file           out : output/bin/Hi3861_wifiiot_app_burn.bin
-------------output/bin/Hi3861_wifiiot_app_burn.bin image info print start-------------
[bin_size]=[0xb8950]
[image_id=0x3c78961e][struct_version=0x0]]
[section_offset=0x280][section_len=0xab6d0]
[file_type=0xf0][file_version=0x0][encrypt_flag=0x42]
[file_len=0xab950][key_len=0x120]
[hash_alg=0x0][sign_alg=0x3f][sign_param=0x0]
[aes_key[0,1,14,15]=[0x0][0x0][0x0][0x0]]
[aes_iv[0,1,14,15]=[0x0][0x0][0x0][0x0]]
-------------output/bin/Hi3861_wifiiot_app_burn.bin image info print end--------------
['output/bin/Hi3861_loader_signed.bin', 'output/bin/Hi3861_wifiiot_app_burn.bin', 'output/bin/Hi3861_boot_signed_B.bin']
[0, 0, 2072576]
[0, 2097152, 24576]
[15360, 756048, 24576]
[0, 1, 1]
4022250975
boot_ota_builder(["output/bin/Hi3861_wifiiot_app_flash_boot_ota.bin"], ["output/bin/Hi3861_boot_signed.bin"])
********************package boot upgrade file********************
boot upg file  in: output/bin/Hi3861_boot_signed.bin
boot upg file out: output/bin/Hi3861_wifiiot_app_flash_boot_ota.bin
[common_head_offset=0][common_head_size=96]
[common_key_offset=96][common_key_size=288]
[common_head_sign_offset=384][common_head_sign_size=256]
[section_head_offset=640][section_head_size=64]
[upg_file_sign_offset=704][upg_file_sign_size=256]
[padding_offset=0][padding_size=0]
[upg fill user info]chip:b'Hi3861'
-------------output/bin/Hi3861_wifiiot_app_flash_boot_ota.bin image info print start-------------
[image_id=0x3c78961e][struct_version=0x0]]
[section_offset=0x280][section_len=0x60a0]
[file_type=0xe1][file_version=0x0][encrypt_flag=0x42]
[file_len=0x6320][key_len=0x120]
[file_attr=0x44]
[hash_alg=0x0][sign_alg=0x3f][sign_param=0x0]
[aes_key[0-1-14-15]=[0x0][0x0][0x0][0x0]]
[aes_iv [0-1-14-15]=[0x0][0x0][0x0][0x0]]
[common key][00]=[0x0]
[common key][01]=[0x0]
[common key][30]=[0x0]
[common key][31]=[0x0]
[common sign][00]=[0xc9]
[common sign][01]=[0x21]
[common sign][30]=[0x2f]
[common sign][31]=[0x82]
[section sign][00]=[0x3]
[section sign][01]=[0x99]
[section sign][30]=[0xe6]
[section sign][31]=[0xec]
[image_id=0x3c78961e][struct_version=0x0]]
[hash_alg=0x0][sign_alg=0x3f][sign_param=0x0]
[section_count=0x1]
[section0_compress=0x0][section0_offset=0x3c0][section0_len=0x5f60]
[section1_compress=0x0][section1_offset=0x0][section1_len=0x0]
-------------output/bin/Hi3861_wifiiot_app_flash_boot_ota.bin image info print end--------------

< ^^^^^^^^^^^^^^^^^^^^^^^^^^^^^^^^^^^^^^^^^^^^^^^^^^^^^^^^^^^^^^^^^^^^^ >
                              BUILD SUCCESS                              
< ^^^^^^^^^^^^^^^^^^^^^^^^^^^^^^^^^^^^^^^^^^^^^^^^^^^^^^^^^^^^^^^^^^^^^ >

See build log from: /home/rayawa/sharefolder/vendor/hisi/hi3861/hi3861/build/build_tmp/logs/build_kernel.log
[224/224] STAMP obj/vendor/hisi/hi3861/hi3861/run_wifiiot_scons.stamp
